  game.cpp
d:\users\l533\desktop\final compile\sp1framework\game.cpp(194): warning C4553: '==': operator has no effect; did you intend '='?
d:\users\l533\desktop\final compile\sp1framework\game.cpp(810): warning C4552: '-': operator has no effect; expected operator with side-effect
d:\users\l533\desktop\final compile\sp1framework\game.cpp(938): warning C4838: conversion from 'int' to 'SHORT' requires a narrowing conversion
d:\users\l533\desktop\final compile\sp1framework\game.cpp(939): warning C4838: conversion from 'int' to 'SHORT' requires a narrowing conversion
d:\users\l533\desktop\final compile\sp1framework\game.cpp(940): warning C4838: conversion from 'int' to 'SHORT' requires a narrowing conversion
d:\users\l533\desktop\final compile\sp1framework\game.cpp(941): warning C4838: conversion from 'int' to 'SHORT' requires a narrowing conversion
d:\users\l533\desktop\final compile\sp1framework\game.cpp(942): warning C4838: conversion from 'int' to 'SHORT' requires a narrowing conversion
d:\users\l533\desktop\final compile\sp1framework\game.cpp(945): warning C4838: conversion from 'int' to 'SHORT' requires a narrowing conversion
d:\users\l533\desktop\final compile\sp1framework\game.cpp(1101): warning C4018: '<': signed/unsigned mismatch
d:\users\l533\desktop\final compile\sp1framework\game.cpp(1137): warning C4309: 'argument': truncation of constant value
d:\users\l533\desktop\final compile\sp1framework\game.cpp(1142): warning C4309: 'argument': truncation of constant value
d:\users\l533\desktop\final compile\sp1framework\game.cpp(1147): warning C4309: 'argument': truncation of constant value
d:\users\l533\desktop\final compile\sp1framework\game.cpp(1152): warning C4309: 'argument': truncation of constant value
d:\users\l533\desktop\final compile\sp1framework\game.cpp(1157): warning C4309: 'argument': truncation of constant value
d:\users\l533\desktop\final compile\sp1framework\game.cpp(1162): warning C4309: 'argument': truncation of constant value
d:\users\l533\desktop\final compile\sp1framework\game.cpp(1283): warning C4018: '<': signed/unsigned mismatch
d:\users\l533\desktop\final compile\sp1framework\game.cpp(1287): warning C4309: '=': truncation of constant value
d:\users\l533\desktop\final compile\sp1framework\game.cpp(1314): warning C4018: '<': signed/unsigned mismatch
d:\users\l533\desktop\final compile\sp1framework\game.cpp(1316): warning C4018: '<': signed/unsigned mismatch
d:\users\l533\desktop\final compile\sp1framework\game.cpp(1321): warning C4309: 'argument': truncation of constant value
d:\users\l533\desktop\final compile\sp1framework\game.cpp(1341): warning C4309: 'argument': truncation of constant value
d:\users\l533\desktop\final compile\sp1framework\game.cpp(1346): warning C4309: 'argument': truncation of constant value
d:\users\l533\desktop\final compile\sp1framework\game.cpp(1374): warning C4309: 'argument': truncation of constant value
d:\users\l533\desktop\final compile\sp1framework\game.cpp(1383): warning C4309: 'argument': truncation of constant value
d:\users\l533\desktop\final compile\sp1framework\game.cpp(1402): warning C4309: 'argument': truncation of constant value
d:\users\l533\desktop\final compile\sp1framework\game.cpp(1418): warning C4244: 'argument': conversion from 'SHORT' to 'char', possible loss of data
d:\users\l533\desktop\final compile\sp1framework\game.cpp(1432): warning C4018: '<': signed/unsigned mismatch
  SP1Framework.vcxproj -> D:\Users\l533\Desktop\final compile\Debug\SP1Framework.exe
  SP1Framework.vcxproj -> D:\Users\l533\Desktop\final compile\Debug\SP1Framework.pdb (Full PDB)
